2019-06-27 15:19:06.589 [ restartedMain ] - [ INFO  ] [ com.aistar.SpringbootDemoApplication : 50 ] - Starting SpringbootDemoApplication on innocent with PID 9456 (D:\springboot_demo\target\classes started by js in D:\springboot_demo)
2019-06-27 15:19:06.622 [ restartedMain ] - [ DEBUG ] [ com.aistar.SpringbootDemoApplication : 53 ] - Running with Spring Boot v2.1.6.RELEASE, Spring v5.1.8.RELEASE
2019-06-27 15:19:06.624 [ restartedMain ] - [ INFO  ] [ com.aistar.SpringbootDemoApplication : 650 ] - The following profiles are active: dev
2019-06-27 15:19:10.952 [ restartedMain ] - [ INFO  ] [ org.apache.coyote.http11.Http11NioProtocol : 173 ] - Initializing ProtocolHandler ["http-nio-8081"]
2019-06-27 15:19:11.009 [ restartedMain ] - [ INFO  ] [ org.apache.catalina.core.StandardService : 173 ] - Starting service [Tomcat]
2019-06-27 15:19:11.010 [ restartedMain ] - [ INFO  ] [ org.apache.catalina.core.StandardEngine : 173 ] - Starting Servlet engine: [Apache Tomcat/9.0.21]
2019-06-27 15:19:11.133 [ restartedMain ] - [ INFO  ] [ o.a.c.c.ContainerBase.[Tomcat].[localhost].[/boot] : 173 ] - Initializing Spring embedded WebApplicationContext
2019-06-27 15:19:11.359 [ restartedMain ] - [ INFO  ] [ c.a.d.s.b.a.DruidDataSourceAutoConfigure : 56 ] - Init DruidDataSource
2019-06-27 15:19:11.976 [ restartedMain ] - [ INFO  ] [ com.alibaba.druid.pool.DruidDataSource : 1003 ] - {dataSource-1} inited
2019-06-27 15:19:13.878 [ restartedMain ] - [ INFO  ] [ org.apache.coyote.http11.Http11NioProtocol : 173 ] - Starting ProtocolHandler ["http-nio-8081"]
2019-06-27 15:19:13.887 [ restartedMain ] - [ ERROR ] [ org.apache.catalina.util.LifecycleBase : 175 ] - Failed to start component [Connector[HTTP/1.1-8081]]
org.apache.catalina.LifecycleException: Protocol handler start failed
	at org.apache.catalina.connector.Connector.startInternal(Connector.java:1008)
	at org.apache.catalina.util.LifecycleBase.start(LifecycleBase.java:183)
	at org.apache.catalina.core.StandardService.addConnector(StandardService.java:227)
	at org.springframework.boot.web.embedded.tomcat.TomcatWebServer.addPreviouslyRemovedConnectors(TomcatWebServer.java:263)
	at org.springframework.boot.web.embedded.tomcat.TomcatWebServer.start(TomcatWebServer.java:195)
	at org.springframework.boot.web.servlet.context.ServletWebServerApplicationContext.startWebServer(ServletWebServerApplicationContext.java:296)
	at org.springframework.boot.web.servlet.context.ServletWebServerApplicationContext.finishRefresh(ServletWebServerApplicationContext.java:162)
	at org.springframework.context.support.AbstractApplicationContext.refresh(AbstractApplicationContext.java:552)
	at org.springframework.boot.web.servlet.context.ServletWebServerApplicationContext.refresh(ServletWebServerApplicationContext.java:140)
	at org.springframework.boot.SpringApplication.refresh(SpringApplication.java:742)
	at org.springframework.boot.SpringApplication.refreshContext(SpringApplication.java:389)
	at org.springframework.boot.SpringApplication.run(SpringApplication.java:311)
	at org.springframework.boot.SpringApplication.run(SpringApplication.java:1213)
	at org.springframework.boot.SpringApplication.run(SpringApplication.java:1202)
	at com.aistar.SpringbootDemoApplication.main(SpringbootDemoApplication.java:14)
	at sun.reflect.NativeMethodAccessorImpl.invoke0(Native Method)
	at sun.reflect.NativeMethodAccessorImpl.invoke(NativeMethodAccessorImpl.java:62)
	at sun.reflect.DelegatingMethodAccessorImpl.invoke(DelegatingMethodAccessorImpl.java:43)
	at java.lang.reflect.Method.invoke(Method.java:497)
	at org.springframework.boot.devtools.restart.RestartLauncher.run(RestartLauncher.java:49)
Caused by: java.net.BindException: Address already in use: bind
	at sun.nio.ch.Net.bind0(Native Method)
	at sun.nio.ch.Net.bind(Net.java:433)
	at sun.nio.ch.Net.bind(Net.java:425)
	at sun.nio.ch.ServerSocketChannelImpl.bind(ServerSocketChannelImpl.java:223)
	at sun.nio.ch.ServerSocketAdaptor.bind(ServerSocketAdaptor.java:74)
	at org.apache.tomcat.util.net.NioEndpoint.initServerSocket(NioEndpoint.java:230)
	at org.apache.tomcat.util.net.NioEndpoint.bind(NioEndpoint.java:213)
	at org.apache.tomcat.util.net.AbstractEndpoint.bindWithCleanup(AbstractEndpoint.java:1124)
	at org.apache.tomcat.util.net.AbstractEndpoint.start(AbstractEndpoint.java:1210)
	at org.apache.coyote.AbstractProtocol.start(AbstractProtocol.java:585)
	at org.apache.catalina.connector.Connector.startInternal(Connector.java:1005)
	... 19 common frames omitted
2019-06-27 15:19:13.892 [ restartedMain ] - [ INFO  ] [ org.apache.coyote.http11.Http11NioProtocol : 173 ] - Pausing ProtocolHandler ["http-nio-8081"]
2019-06-27 15:19:13.893 [ restartedMain ] - [ INFO  ] [ org.apache.catalina.core.StandardService : 173 ] - Stopping service [Tomcat]
2019-06-27 15:19:13.898 [ restartedMain ] - [ INFO  ] [ org.apache.catalina.util.LifecycleBase : 173 ] - The stop() method was called on component [StandardServer[-1]] after stop() had already been called. The second call will be ignored.
2019-06-27 15:19:13.899 [ restartedMain ] - [ INFO  ] [ org.apache.coyote.http11.Http11NioProtocol : 173 ] - Stopping ProtocolHandler ["http-nio-8081"]
2019-06-27 15:19:13.899 [ restartedMain ] - [ INFO  ] [ org.apache.coyote.http11.Http11NioProtocol : 173 ] - Destroying ProtocolHandler ["http-nio-8081"]
2019-06-27 15:19:13.923 [ restartedMain ] - [ INFO  ] [ com.alibaba.druid.pool.DruidDataSource : 1948 ] - {dataSource-1} closing ...
2019-06-27 15:19:13.934 [ restartedMain ] - [ INFO  ] [ com.alibaba.druid.pool.DruidDataSource : 2020 ] - {dataSource-1} closed
2019-06-27 15:19:33.374 [ restartedMain ] - [ INFO  ] [ com.aistar.SpringbootDemoApplication : 50 ] - Starting SpringbootDemoApplication on innocent with PID 5860 (D:\springboot_demo\target\classes started by js in D:\springboot_demo)
2019-06-27 15:19:33.378 [ restartedMain ] - [ DEBUG ] [ com.aistar.SpringbootDemoApplication : 53 ] - Running with Spring Boot v2.1.6.RELEASE, Spring v5.1.8.RELEASE
2019-06-27 15:19:33.379 [ restartedMain ] - [ INFO  ] [ com.aistar.SpringbootDemoApplication : 650 ] - The following profiles are active: dev
2019-06-27 15:19:35.734 [ restartedMain ] - [ INFO  ] [ org.apache.coyote.http11.Http11NioProtocol : 173 ] - Initializing ProtocolHandler ["http-nio-8081"]
2019-06-27 15:19:35.743 [ restartedMain ] - [ INFO  ] [ org.apache.catalina.core.StandardService : 173 ] - Starting service [Tomcat]
2019-06-27 15:19:35.743 [ restartedMain ] - [ INFO  ] [ org.apache.catalina.core.StandardEngine : 173 ] - Starting Servlet engine: [Apache Tomcat/9.0.21]
2019-06-27 15:19:35.823 [ restartedMain ] - [ INFO  ] [ o.a.c.c.ContainerBase.[Tomcat].[localhost].[/boot] : 173 ] - Initializing Spring embedded WebApplicationContext
2019-06-27 15:19:35.930 [ restartedMain ] - [ INFO  ] [ c.a.d.s.b.a.DruidDataSourceAutoConfigure : 56 ] - Init DruidDataSource
2019-06-27 15:19:36.306 [ restartedMain ] - [ INFO  ] [ com.alibaba.druid.pool.DruidDataSource : 1003 ] - {dataSource-1} inited
2019-06-27 15:19:37.810 [ restartedMain ] - [ INFO  ] [ org.apache.coyote.http11.Http11NioProtocol : 173 ] - Starting ProtocolHandler ["http-nio-8081"]
2019-06-27 15:19:37.858 [ restartedMain ] - [ INFO  ] [ com.aistar.SpringbootDemoApplication : 59 ] - Started SpringbootDemoApplication in 5.145 seconds (JVM running for 5.835)
2019-06-27 15:20:31.729 [ main ] - [ INFO  ] [ com.aistar.SpringbootDemoApplicationTests : 50 ] - Starting SpringbootDemoApplicationTests on innocent with PID 10848 (started by js in D:\springboot_demo)
2019-06-27 15:20:31.731 [ main ] - [ DEBUG ] [ com.aistar.SpringbootDemoApplicationTests : 53 ] - Running with Spring Boot v2.1.6.RELEASE, Spring v5.1.8.RELEASE
2019-06-27 15:20:31.731 [ main ] - [ INFO  ] [ com.aistar.SpringbootDemoApplicationTests : 650 ] - The following profiles are active: dev
2019-06-27 15:20:33.930 [ main ] - [ INFO  ] [ c.a.d.s.b.a.DruidDataSourceAutoConfigure : 56 ] - Init DruidDataSource
2019-06-27 15:20:34.942 [ main ] - [ INFO  ] [ com.alibaba.druid.pool.DruidDataSource : 1003 ] - {dataSource-1} inited
2019-06-27 15:20:37.615 [ main ] - [ INFO  ] [ com.aistar.SpringbootDemoApplicationTests : 59 ] - Started SpringbootDemoApplicationTests in 7.329 seconds (JVM running for 9.577)
2019-06-27 15:20:38.453 [ main ] - [ INFO  ] [ com.aistar.SpringbootDemoApplicationTests : 23 ] - 查询id为2的用户
2019-06-27 15:20:38.605 [ main ] - [ DEBUG ] [ com.aistar.mapper.KtypeMapper.findById : 159 ] - ==>  Preparing: select * from ktype where id=? 
2019-06-27 15:20:38.901 [ main ] - [ DEBUG ] [ com.aistar.mapper.KtypeMapper.findById : 159 ] - ==> Parameters: 2(String)
2019-06-27 15:20:40.401 [ main ] - [ DEBUG ] [ com.aistar.mapper.KtypeMapper.findById : 159 ] - <==      Total: 1
2019-06-27 15:20:40.463 [ Thread-3 ] - [ INFO  ] [ com.alibaba.druid.pool.DruidDataSource : 1948 ] - {dataSource-1} closing ...
2019-06-27 15:20:40.549 [ Thread-3 ] - [ INFO  ] [ com.alibaba.druid.pool.DruidDataSource : 2020 ] - {dataSource-1} closed
